This file contains any messages produced by compilers while
running configure, to aid debugging if configure makes a mistake.

It was created by swig configure 3.0.8, which was
generated by GNU Autoconf 2.69.  Invocation command line was

  $ ./configure 

## --------- ##
## Platform. ##
## --------- ##

hostname = shawn-linux
uname -m = x86_64
uname -r = 5.0.0-32-generic
uname -s = Linux
uname -v = #34~18.04.2-Ubuntu SMP Thu Oct 10 10:36:02 UTC 2019

/usr/bin/uname -p = unknown
/bin/uname -X     = unknown

/bin/arch              = unknown
/usr/bin/arch -k       = unknown
/usr/convex/getsysinfo = unknown
/usr/bin/hostinfo      = unknown
/bin/machine           = unknown
/usr/bin/oslevel       = unknown
/bin/universe          = unknown

PATH: /usr/local/sbin
PATH: /usr/local/bin
PATH: /usr/sbin
PATH: /usr/bin
PATH: /sbin
PATH: /bin
PATH: /usr/games
PATH: /usr/local/games
PATH: /snap/bin


## ----------- ##
## Core tests. ##
## ----------- ##

configure:2811: checking build system type
configure:2825: result: x86_64-unknown-linux-gnu
configure:2845: checking host system type
configure:2858: result: x86_64-unknown-linux-gnu
configure:2894: checking for a BSD-compatible install
configure:2962: result: /usr/bin/install -c
configure:2973: checking whether build environment is sane
configure:3028: result: yes
configure:3179: checking for a thread-safe mkdir -p
configure:3218: result: /bin/mkdir -p
configure:3225: checking for gawk
configure:3255: result: no
configure:3225: checking for mawk
configure:3241: found /usr/bin/mawk
configure:3252: result: mawk
configure:3263: checking whether make sets $(MAKE)
configure:3285: result: yes
configure:3314: checking whether make supports nested variables
configure:3331: result: yes
configure:3507: checking for gcc
configure:3523: found /usr/bin/gcc
configure:3534: result: gcc
configure:3763: checking for C compiler version
configure:3772: gcc --version >&5
gcc (Ubuntu 7.4.0-1ubuntu1~18.04.1) 7.4.0
Copyright (C) 2017 Free Software Foundation, Inc.
This is free software; see the source for copying conditions.  There is NO
warranty; not even for MERCHANTABILITY or FITNESS FOR A PARTICULAR PURPOSE.

configure:3783: $? = 0
configure:3772: gcc -v >&5
Using built-in specs.
COLLECT_GCC=gcc
COLLECT_LTO_WRAPPER=/usr/lib/gcc/x86_64-linux-gnu/7/lto-wrapper
OFFLOAD_TARGET_NAMES=nvptx-none
OFFLOAD_TARGET_DEFAULT=1
Target: x86_64-linux-gnu
Configured with: ../src/configure -v --with-pkgversion='Ubuntu 7.4.0-1ubuntu1~18.04.1' --with-bugurl=file:///usr/share/doc/gcc-7/README.Bugs --enable-languages=c,ada,c++,go,brig,d,fortran,objc,obj-c++ --prefix=/usr --with-gcc-major-version-only --program-suffix=-7 --program-prefix=x86_64-linux-gnu- --enable-shared --enable-linker-build-id --libexecdir=/usr/lib --without-included-gettext --enable-threads=posix --libdir=/usr/lib --enable-nls --with-sysroot=/ --enable-clocale=gnu --enable-libstdcxx-debug --enable-libstdcxx-time=yes --with-default-libstdcxx-abi=new --enable-gnu-unique-object --disable-vtable-verify --enable-libmpx --enable-plugin --enable-default-pie --with-system-zlib --with-target-system-zlib --enable-objc-gc=auto --enable-multiarch --disable-werror --with-arch-32=i686 --with-abi=m64 --with-multilib-list=m32,m64,mx32 --enable-multilib --with-tune=generic --enable-offload-targets=nvptx-none --without-cuda-driver --enable-checking=release --build=x86_64-linux-gnu --host=x86_64-linux-gnu --target=x86_64-linux-gnu
Thread model: posix
gcc version 7.4.0 (Ubuntu 7.4.0-1ubuntu1~18.04.1) 
configure:3783: $? = 0
configure:3772: gcc -V >&5
gcc: error: unrecognized command line option '-V'
gcc: fatal error: no input files
compilation terminated.
configure:3783: $? = 1
configure:3772: gcc -qversion >&5
gcc: error: unrecognized command line option '-qversion'; did you mean '--version'?
gcc: fatal error: no input files
compilation terminated.
configure:3783: $? = 1
configure:3803: checking whether the C compiler works
configure:3825: gcc    conftest.c  >&5
configure:3829: $? = 0
configure:3877: result: yes
configure:3880: checking for C compiler default output file name
configure:3882: result: a.out
configure:3888: checking for suffix of executables
configure:3895: gcc -o conftest    conftest.c  >&5
configure:3899: $? = 0
configure:3921: result: 
configure:3943: checking whether we are cross compiling
configure:3951: gcc -o conftest    conftest.c  >&5
configure:3955: $? = 0
configure:3962: ./conftest
configure:3966: $? = 0
configure:3981: result: no
configure:3986: checking for suffix of object files
configure:4008: gcc -c   conftest.c >&5
configure:4012: $? = 0
configure:4033: result: o
configure:4037: checking whether we are using the GNU C compiler
configure:4056: gcc -c   conftest.c >&5
configure:4056: $? = 0
configure:4065: result: yes
configure:4074: checking whether gcc accepts -g
configure:4094: gcc -c -g  conftest.c >&5
configure:4094: $? = 0
configure:4135: result: yes
configure:4152: checking for gcc option to accept ISO C89
configure:4215: gcc  -c -g -O2  conftest.c >&5
configure:4215: $? = 0
configure:4228: result: none needed
configure:4253: checking whether gcc understands -c and -o together
configure:4275: gcc -c conftest.c -o conftest2.o
configure:4278: $? = 0
configure:4275: gcc -c conftest.c -o conftest2.o
configure:4278: $? = 0
configure:4290: result: yes
configure:4318: checking for style of include used by make
configure:4346: result: GNU
configure:4372: checking dependency style of gcc
configure:4483: result: gcc3
configure:4556: checking for g++
configure:4572: found /usr/bin/g++
configure:4583: result: g++
configure:4610: checking for C++ compiler version
configure:4619: g++ --version >&5
g++ (Ubuntu 7.4.0-1ubuntu1~18.04.1) 7.4.0
Copyright (C) 2017 Free Software Foundation, Inc.
This is free software; see the source for copying conditions.  There is NO
warranty; not even for MERCHANTABILITY or FITNESS FOR A PARTICULAR PURPOSE.

configure:4630: $? = 0
configure:4619: g++ -v >&5
Using built-in specs.
COLLECT_GCC=g++
COLLECT_LTO_WRAPPER=/usr/lib/gcc/x86_64-linux-gnu/7/lto-wrapper
OFFLOAD_TARGET_NAMES=nvptx-none
OFFLOAD_TARGET_DEFAULT=1
Target: x86_64-linux-gnu
Configured with: ../src/configure -v --with-pkgversion='Ubuntu 7.4.0-1ubuntu1~18.04.1' --with-bugurl=file:///usr/share/doc/gcc-7/README.Bugs --enable-languages=c,ada,c++,go,brig,d,fortran,objc,obj-c++ --prefix=/usr --with-gcc-major-version-only --program-suffix=-7 --program-prefix=x86_64-linux-gnu- --enable-shared --enable-linker-build-id --libexecdir=/usr/lib --without-included-gettext --enable-threads=posix --libdir=/usr/lib --enable-nls --with-sysroot=/ --enable-clocale=gnu --enable-libstdcxx-debug --enable-libstdcxx-time=yes --with-default-libstdcxx-abi=new --enable-gnu-unique-object --disable-vtable-verify --enable-libmpx --enable-plugin --enable-default-pie --with-system-zlib --with-target-system-zlib --enable-objc-gc=auto --enable-multiarch --disable-werror --with-arch-32=i686 --with-abi=m64 --with-multilib-list=m32,m64,mx32 --enable-multilib --with-tune=generic --enable-offload-targets=nvptx-none --without-cuda-driver --enable-checking=release --build=x86_64-linux-gnu --host=x86_64-linux-gnu --target=x86_64-linux-gnu
Thread model: posix
gcc version 7.4.0 (Ubuntu 7.4.0-1ubuntu1~18.04.1) 
configure:4630: $? = 0
configure:4619: g++ -V >&5
g++: error: unrecognized command line option '-V'
g++: fatal error: no input files
compilation terminated.
configure:4630: $? = 1
configure:4619: g++ -qversion >&5
g++: error: unrecognized command line option '-qversion'; did you mean '--version'?
g++: fatal error: no input files
compilation terminated.
configure:4630: $? = 1
configure:4634: checking whether we are using the GNU C++ compiler
configure:4653: g++ -c   conftest.cpp >&5
configure:4653: $? = 0
configure:4662: result: yes
configure:4671: checking whether g++ accepts -g
configure:4691: g++ -c -g  conftest.cpp >&5
configure:4691: $? = 0
configure:4732: result: yes
configure:4757: checking dependency style of g++
configure:4868: result: gcc3
configure:4888: checking maximum warning verbosity option
configure:4926: result: -Wall -W -ansi -pedantic for C++ -Wall -W -ansi -pedantic for C
configure:4949: checking how to run the C preprocessor
configure:4980: gcc -E  conftest.c
configure:4980: $? = 0
configure:4994: gcc -E  conftest.c
conftest.c:13:10: fatal error: ac_nonexistent.h: No such file or directory
 #include <ac_nonexistent.h>
          ^~~~~~~~~~~~~~~~~~
compilation terminated.
configure:4994: $? = 1
configure: failed program was:
| /* confdefs.h */
| #define PACKAGE_NAME "swig"
| #define PACKAGE_TARNAME "swig"
| #define PACKAGE_VERSION "3.0.8"
| #define PACKAGE_STRING "swig 3.0.8"
| #define PACKAGE_BUGREPORT "http://www.swig.org"
| #define PACKAGE_URL ""
| #define PACKAGE "swig"
| #define VERSION "3.0.8"
| #define SWIG_CXX "g++"
| #define SWIG_PLATFORM "x86_64-unknown-linux-gnu"
| /* end confdefs.h.  */
| #include <ac_nonexistent.h>
configure:5019: result: gcc -E
configure:5039: gcc -E  conftest.c
configure:5039: $? = 0
configure:5053: gcc -E  conftest.c
conftest.c:13:10: fatal error: ac_nonexistent.h: No such file or directory
 #include <ac_nonexistent.h>
          ^~~~~~~~~~~~~~~~~~
compilation terminated.
configure:5053: $? = 1
configure: failed program was:
| /* confdefs.h */
| #define PACKAGE_NAME "swig"
| #define PACKAGE_TARNAME "swig"
| #define PACKAGE_VERSION "3.0.8"
| #define PACKAGE_STRING "swig 3.0.8"
| #define PACKAGE_BUGREPORT "http://www.swig.org"
| #define PACKAGE_URL ""
| #define PACKAGE "swig"
| #define VERSION "3.0.8"
| #define SWIG_CXX "g++"
| #define SWIG_PLATFORM "x86_64-unknown-linux-gnu"
| /* end confdefs.h.  */
| #include <ac_nonexistent.h>
configure:5082: checking for grep that handles long lines and -e
configure:5140: result: /bin/grep
configure:5145: checking for egrep
configure:5207: result: /bin/grep -E
configure:5212: checking for ANSI C header files
configure:5232: gcc -c -g -O2 -Wall -W -ansi -pedantic  conftest.c >&5
configure:5232: $? = 0
configure:5305: gcc -o conftest -g -O2 -Wall -W -ansi -pedantic   conftest.c  >&5
configure:5305: $? = 0
configure:5305: ./conftest
configure:5305: $? = 0
configure:5316: result: yes
configure:5335: checking for popen
configure:5335: gcc -o conftest -g -O2 -Wall -W -ansi -pedantic   conftest.c  >&5
configure:5335: $? = 0
configure:5335: result: yes
configure:5359: checking whether to enable PCRE support
configure:5361: result: yes
configure:5365: checking whether to use local PCRE
configure:5374: result: no
configure:5377: checking for a sed that does not truncate output
configure:5441: result: /bin/sed
configure:5511: checking for pcre-config
configure:5529: found /usr/bin/pcre-config
configure:5541: result: /usr/bin/pcre-config
configure:5711: checking whether to enable ccache-swig
configure:5713: result: yes
configure:5735: checking for bison
configure:5765: result: no
configure:5735: checking for byacc
configure:5765: result: no
configure:5830: checking for boostlib >= 1.20.0
configure:5913: g++ -c -g -O2 -Wall -W -ansi -pedantic    conftest.cpp >&5
conftest.cpp:17:14: fatal error: boost/version.hpp: No such file or directory
     #include <boost/version.hpp>
              ^~~~~~~~~~~~~~~~~~~
compilation terminated.
configure:5913: $? = 1
configure: failed program was:
| /* confdefs.h */
| #define PACKAGE_NAME "swig"
| #define PACKAGE_TARNAME "swig"
| #define PACKAGE_VERSION "3.0.8"
| #define PACKAGE_STRING "swig 3.0.8"
| #define PACKAGE_BUGREPORT "http://www.swig.org"
| #define PACKAGE_URL ""
| #define PACKAGE "swig"
| #define VERSION "3.0.8"
| #define SWIG_CXX "g++"
| #define SWIG_PLATFORM "x86_64-unknown-linux-gnu"
| #define STDC_HEADERS 1
| #define HAVE_POPEN 1
| #define HAVE_PCRE 1
| /* end confdefs.h.  */
| 
|     #include <boost/version.hpp>
| 
| int
| main ()
| {
| 
|     #if BOOST_VERSION >= 102000
|     // Everything is okay
|     #else
|     #  error Boost version is too old
|     #endif
| 
|   ;
|   return 0;
| }
configure:6028: g++ -c -g -O2 -Wall -W -ansi -pedantic   -I/include/boost-0 conftest.cpp >&5
conftest.cpp:17:18: fatal error: boost/version.hpp: No such file or directory
         #include <boost/version.hpp>
                  ^~~~~~~~~~~~~~~~~~~
compilation terminated.
configure:6028: $? = 1
configure: failed program was:
| /* confdefs.h */
| #define PACKAGE_NAME "swig"
| #define PACKAGE_TARNAME "swig"
| #define PACKAGE_VERSION "3.0.8"
| #define PACKAGE_STRING "swig 3.0.8"
| #define PACKAGE_BUGREPORT "http://www.swig.org"
| #define PACKAGE_URL ""
| #define PACKAGE "swig"
| #define VERSION "3.0.8"
| #define SWIG_CXX "g++"
| #define SWIG_PLATFORM "x86_64-unknown-linux-gnu"
| #define STDC_HEADERS 1
| #define HAVE_POPEN 1
| #define HAVE_PCRE 1
| /* end confdefs.h.  */
| 
|         #include <boost/version.hpp>
| 
| int
| main ()
| {
| 
|         #if BOOST_VERSION >= 102000
|         // Everything is okay
|         #else
|         #  error Boost version is too old
|         #endif
| 
|   ;
|   return 0;
| }
configure:6047: We could not detect the boost libraries (version 1.20 or higher). If you have a staged boost library (still not installed) please specify $BOOST_ROOT in your environment and do not give a PATH to --with-boost option.  If you are sure you have boost installed, then check your version number looking in <boost/version.hpp>. See http://randspringer.de/boost for more documentation.
configure:6078: ISYSTEM: -isystem 
configure:6083: checking SO
configure:6094: result: .so
configure:6101: checking LDSHARED
configure:6150: result: gcc -shared
configure:6156: checking CXXSHARED
configure:6162: result: gcc -shared
configure:6166: checking TRYLINKINGWITHCXX
configure:6191: result: CXXSHARED= g++ -shared 
configure:6195: checking CCSHARED
configure:6216: result: -fpic
configure:6220: checking RPATH
configure:6231: result: -Xlinker -rpath $(exec_prefix)/lib -Xlinker -rpath .
configure:6237: checking LINKFORSHARED
configure:6251: result: -Xlinker -export-dynamic
configure:6255: checking PLATCFLAGS
configure:6265: result: 
configure:6276: checking whether to enable C++11 testing
configure:6278: result: no
configure:6475: checking for dlopen in -ldl
configure:6500: gcc -o conftest -g -O2 -Wall -W -ansi -pedantic    conftest.c -ldl   -lpcre >&5
configure:6500: $? = 0
configure:6509: result: yes
configure:6520: checking for shl_load in -ldld
configure:6545: gcc -o conftest -g -O2 -Wall -W -ansi -pedantic    conftest.c -ldld  -ldl  -lpcre >&5
/usr/bin/ld: cannot find -ldld
collect2: error: ld returned 1 exit status
configure:6545: $? = 1
configure: failed program was:
| /* confdefs.h */
| #define PACKAGE_NAME "swig"
| #define PACKAGE_TARNAME "swig"
| #define PACKAGE_VERSION "3.0.8"
| #define PACKAGE_STRING "swig 3.0.8"
| #define PACKAGE_BUGREPORT "http://www.swig.org"
| #define PACKAGE_URL ""
| #define PACKAGE "swig"
| #define VERSION "3.0.8"
| #define SWIG_CXX "g++"
| #define SWIG_PLATFORM "x86_64-unknown-linux-gnu"
| #define STDC_HEADERS 1
| #define HAVE_POPEN 1
| #define HAVE_PCRE 1
| #define HAVE_LIBDL 1
| /* end confdefs.h.  */
| 
| /* Override any GCC internal prototype to avoid an error.
|    Use char because int might match the return type of a GCC
|    builtin and then its argument prototype would still apply.  */
| #ifdef __cplusplus
| extern "C"
| #endif
| char shl_load ();
| int
| main ()
| {
| return shl_load ();
|   ;
|   return 0;
| }
configure:6554: result: no
configure:6566: checking for library containing t_open
configure:6597: gcc -o conftest -g -O2 -Wall -W -ansi -pedantic    conftest.c -ldl  -lpcre >&5
/tmp/ccYWKncS.o: In function `main':
/home/shawn/Documents/swig-3.0.8/conftest.c:28: undefined reference to `t_open'
collect2: error: ld returned 1 exit status
configure:6597: $? = 1
configure: failed program was:
| /* confdefs.h */
| #define PACKAGE_NAME "swig"
| #define PACKAGE_TARNAME "swig"
| #define PACKAGE_VERSION "3.0.8"
| #define PACKAGE_STRING "swig 3.0.8"
| #define PACKAGE_BUGREPORT "http://www.swig.org"
| #define PACKAGE_URL ""
| #define PACKAGE "swig"
| #define VERSION "3.0.8"
| #define SWIG_CXX "g++"
| #define SWIG_PLATFORM "x86_64-unknown-linux-gnu"
| #define STDC_HEADERS 1
| #define HAVE_POPEN 1
| #define HAVE_PCRE 1
| #define HAVE_LIBDL 1
| /* end confdefs.h.  */
| 
| /* Override any GCC internal prototype to avoid an error.
|    Use char because int might match the return type of a GCC
|    builtin and then its argument prototype would still apply.  */
| #ifdef __cplusplus
| extern "C"
| #endif
| char t_open ();
| int
| main ()
| {
| return t_open ();
|   ;
|   return 0;
| }
configure:6597: gcc -o conftest -g -O2 -Wall -W -ansi -pedantic    conftest.c -lnsl  -ldl  -lpcre >&5
/tmp/cca6nR5U.o: In function `main':
/home/shawn/Documents/swig-3.0.8/conftest.c:28: undefined reference to `t_open'
collect2: error: ld returned 1 exit status
configure:6597: $? = 1
configure: failed program was:
| /* confdefs.h */
| #define PACKAGE_NAME "swig"
| #define PACKAGE_TARNAME "swig"
| #define PACKAGE_VERSION "3.0.8"
| #define PACKAGE_STRING "swig 3.0.8"
| #define PACKAGE_BUGREPORT "http://www.swig.org"
| #define PACKAGE_URL ""
| #define PACKAGE "swig"
| #define VERSION "3.0.8"
| #define SWIG_CXX "g++"
| #define SWIG_PLATFORM "x86_64-unknown-linux-gnu"
| #define STDC_HEADERS 1
| #define HAVE_POPEN 1
| #define HAVE_PCRE 1
| #define HAVE_LIBDL 1
| /* end confdefs.h.  */
| 
| /* Override any GCC internal prototype to avoid an error.
|    Use char because int might match the return type of a GCC
|    builtin and then its argument prototype would still apply.  */
| #ifdef __cplusplus
| extern "C"
| #endif
| char t_open ();
| int
| main ()
| {
| return t_open ();
|   ;
|   return 0;
| }
configure:6614: result: no
configure:6622: checking for library containing gethostbyname
configure:6653: gcc -o conftest -g -O2 -Wall -W -ansi -pedantic    conftest.c -ldl  -lpcre >&5
configure:6653: $? = 0
configure:6670: result: none required
configure:6678: checking for library containing socket
configure:6709: gcc -o conftest -g -O2 -Wall -W -ansi -pedantic    conftest.c -ldl  -lpcre >&5
configure:6709: $? = 0
configure:6726: result: none required
configure:6735: checking for swill_init in -lswill
configure:6760: gcc -o conftest -g -O2 -Wall -W -ansi -pedantic    conftest.c -lswill  -ldl  -lpcre >&5
/usr/bin/ld: cannot find -lswill
collect2: error: ld returned 1 exit status
configure:6760: $? = 1
configure: failed program was:
| /* confdefs.h */
| #define PACKAGE_NAME "swig"
| #define PACKAGE_TARNAME "swig"
| #define PACKAGE_VERSION "3.0.8"
| #define PACKAGE_STRING "swig 3.0.8"
| #define PACKAGE_BUGREPORT "http://www.swig.org"
| #define PACKAGE_URL ""
| #define PACKAGE "swig"
| #define VERSION "3.0.8"
| #define SWIG_CXX "g++"
| #define SWIG_PLATFORM "x86_64-unknown-linux-gnu"
| #define STDC_HEADERS 1
| #define HAVE_POPEN 1
| #define HAVE_PCRE 1
| #define HAVE_LIBDL 1
| /* end confdefs.h.  */
| 
| /* Override any GCC internal prototype to avoid an error.
|    Use char because int might match the return type of a GCC
|    builtin and then its argument prototype would still apply.  */
| #ifdef __cplusplus
| extern "C"
| #endif
| char swill_init ();
| int
| main ()
| {
| return swill_init ();
|   ;
|   return 0;
| }
configure:6769: result: no
configure:6791: checking for main in -lieee
configure:6810: gcc -o conftest -g -O2 -Wall -W -ansi -pedantic    conftest.c -lieee  -ldl  -lpcre >&5
/usr/bin/ld: cannot find -lieee
collect2: error: ld returned 1 exit status
configure:6810: $? = 1
configure: failed program was:
| /* confdefs.h */
| #define PACKAGE_NAME "swig"
| #define PACKAGE_TARNAME "swig"
| #define PACKAGE_VERSION "3.0.8"
| #define PACKAGE_STRING "swig 3.0.8"
| #define PACKAGE_BUGREPORT "http://www.swig.org"
| #define PACKAGE_URL ""
| #define PACKAGE "swig"
| #define VERSION "3.0.8"
| #define SWIG_CXX "g++"
| #define SWIG_PLATFORM "x86_64-unknown-linux-gnu"
| #define STDC_HEADERS 1
| #define HAVE_POPEN 1
| #define HAVE_PCRE 1
| #define HAVE_LIBDL 1
| /* end confdefs.h.  */
| 
| 
| int
| main ()
| {
| return main ();
|   ;
|   return 0;
| }
configure:6819: result: no
configure:6825: checking for crypt in -lcrypt
configure:6850: gcc -o conftest -g -O2 -Wall -W -ansi -pedantic    conftest.c -lcrypt  -ldl  -lpcre >&5
configure:6850: $? = 0
configure:6859: result: yes
configure:6901: checking for pkg-config
configure:6917: found /usr/bin/pkg-config
configure:6928: result: pkg-config
configure:6989: checking for Tcl configuration
configure:7012: result: no
configure:7038: checking for Tcl header files
configure:7045: gcc -E   conftest.c
conftest.c:17:10: fatal error: tcl.h: No such file or directory
 #include <tcl.h>
          ^~~~~~~
compilation terminated.
configure:7045: $? = 1
configure: failed program was:
| /* confdefs.h */
| #define PACKAGE_NAME "swig"
| #define PACKAGE_TARNAME "swig"
| #define PACKAGE_VERSION "3.0.8"
| #define PACKAGE_STRING "swig 3.0.8"
| #define PACKAGE_BUGREPORT "http://www.swig.org"
| #define PACKAGE_URL ""
| #define PACKAGE "swig"
| #define VERSION "3.0.8"
| #define SWIG_CXX "g++"
| #define SWIG_PLATFORM "x86_64-unknown-linux-gnu"
| #define STDC_HEADERS 1
| #define HAVE_POPEN 1
| #define HAVE_PCRE 1
| #define HAVE_LIBDL 1
| /* end confdefs.h.  */
| #include <tcl.h>
configure:7063: result: not found
configure:7071: checking for Tcl library
configure:7084: result: not found
configure:7146: checking for python
configure:7176: result: no
configure:7146: checking for python2.8
configure:7176: result: no
configure:7146: checking for python2.7
configure:7176: result: no
configure:7146: checking for python2.6
configure:7176: result: no
configure:7146: checking for python2.5
configure:7176: result: no
configure:7146: checking for python2.4
configure:7176: result: no
configure:7146: checking for python2.3
configure:7176: result: no
configure:7146: checking for python2.2
configure:7176: result: no
configure:7146: checking for python2.1
configure:7176: result: no
configure:7146: checking for python2.0
configure:7176: result: no
configure:7146: checking for python1.6
configure:7176: result: no
configure:7146: checking for python1.5
configure:7176: result: no
configure:7146: checking for python1.4
configure:7176: result: no
configure:7365: checking for python3
configure:7381: found /usr/bin/python3
configure:7392: result: python3
configure:7408: checking for python3-config
configure:7424: found /usr/bin/python3-config
configure:7435: result: python3-config
configure:7499: checking for python3 major version number
configure:7502: result: 3
configure:7510: checking for Python 3.x os.name
configure:7513: result: posix
configure:7563: checking for Python 3.x prefix
configure:7566: result: /usr
configure:7568: checking for Python 3.x exec-prefix
configure:7571: result: /usr
configure:7577: checking for Python 3.x version
configure:7583: result: python3.6
configure:7588: checking for Python 3.x lib dir
configure:7595: result: lib
configure:7600: checking for Python 3.x header files
configure:7603: result: -I/usr/include/python3.6m -I/usr/include/python3.6m
configure:7607: checking for Python 3.x library directory
configure:7617: result: Not found
configure:7626: checking for Python 3.x library
configure:7632: result: -lpython3.6
configure:7655: checking for pep8
configure:7685: result: no
configure:7724: checking for perl
configure:7740: found /usr/bin/perl
configure:7751: result: perl
configure:7769: checking for Perl5 header files
configure:7778: result: /usr/lib/x86_64-linux-gnu/perl/5.26/CORE
configure:7790: checking for Perl5 library
configure:7797: result: perl
configure:7800: checking for Perl5 ccflags
configure:7807: result: -D_REENTRANT -D_GNU_SOURCE -DDEBIAN -fwrapv -fno-strict-aliasing -pipe -isystem /usr/local/include -D_LARGEFILE_SOURCE -D_FILE_OFFSET_BITS=64
configure:7810: checking for Perl5 ccdlflags
configure:7817: result: -Wl,-E
configure:7820: checking for Perl5 cccdlflags
configure:7827: result: -fPIC
configure:7830: checking for Perl5 ldflags
configure:7837: result:  -fstack-protector-strong -L/usr/local/lib
configure:7840: checking for Perl5 Test::More module
configure:7847: result: found
configure:7902: checking for octave
configure:7935: result: no
configure:8094: checking for scilab
configure:8124: result: no
configure:8264: checking for java JDK
configure:8298: result: no (JAVA_HOME is not defined)
configure:8310: checking for java
configure:8326: found /usr/bin/java
configure:8337: result: java
configure:8361: checking for javac
configure:8391: result: no
configure:8404: checking for java include file jni.h
configure:8445: result: not found
configure:8581: checking for node
configure:8611: result: no
configure:8674: checking for JavaScriptCore/JavaScript.h
configure:8714: result: not found
configure:8729: checking for JavaScriptCore/Webkit library
configure:8736: result: not found
configure:8752: checking for V8 Javascript v8.h
configure:8785: result: not found
configure:8793: checking for V8 Javascript library
configure:8814: result: not found
configure:8885: checking for gcj
configure:8915: result: no
configure:8932: checking for gcjh
configure:8962: result: no
configure:9026: checking for android
configure:9056: result: no
configure:9073: checking for adb
configure:9103: result: no
configure:9120: checking for ant
configure:9150: result: no
configure:9167: checking for ndk-build
configure:9197: result: no
configure:9263: checking for guile-config
configure:9296: result: no
configure:9423: checking for mzscheme
configure:9456: result: no
configure:9468: checking for mzc
configure:9501: result: no
configure:9560: checking for ruby
configure:9590: result: no
configure:9602: checking for Ruby header files
configure:9697: result: could not figure out how to run ruby
configure:9741: checking for php5
configure:9771: result: no
configure:9741: checking for php
configure:9771: result: no
configure:9783: checking for PHP header files
configure:9804: result: found PHP , but only PHP 5 is supported
configure:9870: checking for Ocaml DL load generator
configure:9877: checking for ocamldlgen
configure:9907: result: no
configure:9917: checking for Ocaml package tool
configure:9924: checking for ocamlfind
configure:9954: result: no
configure:9964: checking for Ocaml compiler
configure:9971: checking for ocamlc
configure:10001: result: no
configure:10011: checking for Ocaml toplevel creator
configure:10018: checking for ocamlmktop
configure:10048: result: no
configure:10058: checking for Ocaml Pre-Processor-Pretty-Printer
configure:10065: checking for camlp4
configure:10095: result: no
configure:10140: checking for pike
configure:10170: result: no
configure:10140: checking for pike7.8
configure:10170: result: no
configure:10140: checking for pike7.6
configure:10170: result: no
configure:10140: checking for pike7.4
configure:10170: result: no
configure:10140: checking for pike7.2
configure:10170: result: no
configure:10309: checking for chicken
configure:10339: result: no
configure:10365: checking for csc
configure:10395: result: no
configure:10432: checking for csi
configure:10462: result: no
configure:10698: checking for mono-csc
configure:10728: result: no
configure:10698: checking for gmcs
configure:10728: result: no
configure:10698: checking for mcs
configure:10728: result: no
configure:10698: checking for cscc
configure:10728: result: no
configure:10957: checking for lua5.2
configure:10990: result: no
configure:10957: checking for lua5.1
configure:10990: result: no
configure:10957: checking for lua
configure:10990: result: no
configure:11233: checking for alisp
configure:11266: result: no
configure:11302: checking for clisp
configure:11335: result: no
configure:11371: checking for R
configure:11404: result: no
configure:11448: checking for go
configure:11478: result: no
configure:11554: checking for gccgo
configure:11584: result: no
configure:11713: checking for dmd
configure:11743: result: no
configure:11713: checking for ldmd
configure:11743: result: no
configure:11713: checking for gdmd
configure:11743: result: no
configure:11798: checking for dmd
configure:11828: result: no
configure:11798: checking for gdmd
configure:11828: result: no
configure:12313: checking that generated files are newer than configure
configure:12319: result: done
configure:12346: creating ./config.status

## ---------------------- ##
## Running config.status. ##
## ---------------------- ##

This file was extended by swig config.status 3.0.8, which was
generated by GNU Autoconf 2.69.  Invocation command line was

  CONFIG_FILES    = 
  CONFIG_HEADERS  = 
  CONFIG_LINKS    = 
  CONFIG_COMMANDS = 
  $ ./config.status 

on shawn-linux

config.status:1084: creating Makefile
config.status:1084: creating swig.spec
config.status:1084: creating Examples/Makefile
config.status:1084: creating Examples/d/example.mk
config.status:1084: creating Examples/xml/Makefile
config.status:1084: creating Examples/test-suite/errors/Makefile
config.status:1084: creating Examples/test-suite/chicken/Makefile
config.status:1084: creating Examples/test-suite/csharp/Makefile
config.status:1084: creating Examples/test-suite/d/Makefile
config.status:1084: creating Examples/test-suite/guile/Makefile
config.status:1084: creating Examples/test-suite/java/Makefile
config.status:1084: creating Examples/test-suite/javascript/Makefile
config.status:1084: creating Examples/test-suite/mzscheme/Makefile
config.status:1084: creating Examples/test-suite/ocaml/Makefile
config.status:1084: creating Examples/test-suite/octave/Makefile
config.status:1084: creating Examples/test-suite/perl5/Makefile
config.status:1084: creating Examples/test-suite/php/Makefile
config.status:1084: creating Examples/test-suite/pike/Makefile
config.status:1084: creating Examples/test-suite/python/Makefile
config.status:1084: creating Examples/test-suite/ruby/Makefile
config.status:1084: creating Examples/test-suite/scilab/Makefile
config.status:1084: creating Examples/test-suite/tcl/Makefile
config.status:1084: creating Examples/test-suite/lua/Makefile
config.status:1084: creating Examples/test-suite/allegrocl/Makefile
config.status:1084: creating Examples/test-suite/clisp/Makefile
config.status:1084: creating Examples/test-suite/cffi/Makefile
config.status:1084: creating Examples/test-suite/uffi/Makefile
config.status:1084: creating Examples/test-suite/r/Makefile
config.status:1084: creating Examples/test-suite/go/Makefile
config.status:1084: creating Source/Makefile
config.status:1084: creating Tools/javascript/Makefile
config.status:1084: creating preinst-swig
config.status:1084: creating CCache/ccache_swig_config.h
config.status:1084: creating Source/Include/swigconfig.h
config.status:1313: executing depfiles commands
config.status:1313: executing Examples commands
configure:13787: === configuring in CCache (/home/shawn/Documents/swig-3.0.8/CCache)
configure:13850: running /bin/bash ./configure --disable-option-checking '--prefix=/usr/local'  --cache-file=/dev/null --srcdir=.

## ---------------- ##
## Cache variables. ##
## ---------------- ##

ac_cv_build=x86_64-unknown-linux-gnu
ac_cv_c_compiler_gnu=yes
ac_cv_cxx_compiler_gnu=yes
ac_cv_env_CCC_set=
ac_cv_env_CCC_value=
ac_cv_env_CC_set=
ac_cv_env_CC_value=
ac_cv_env_CFLAGS_set=
ac_cv_env_CFLAGS_value=
ac_cv_env_CPPFLAGS_set=
ac_cv_env_CPPFLAGS_value=
ac_cv_env_CPP_set=
ac_cv_env_CPP_value=
ac_cv_env_CXXFLAGS_set=
ac_cv_env_CXXFLAGS_value=
ac_cv_env_CXX_set=
ac_cv_env_CXX_value=
ac_cv_env_LDFLAGS_set=
ac_cv_env_LDFLAGS_value=
ac_cv_env_LIBS_set=
ac_cv_env_LIBS_value=
ac_cv_env_PCRE_CFLAGS_set=
ac_cv_env_PCRE_CFLAGS_value=
ac_cv_env_PCRE_CONFIG_set=
ac_cv_env_PCRE_CONFIG_value=
ac_cv_env_PCRE_LIBS_set=
ac_cv_env_PCRE_LIBS_value=
ac_cv_env_YACC_set=
ac_cv_env_YACC_value=
ac_cv_env_YFLAGS_set=
ac_cv_env_YFLAGS_value=
ac_cv_env_build_alias_set=
ac_cv_env_build_alias_value=
ac_cv_env_host_alias_set=
ac_cv_env_host_alias_value=
ac_cv_env_target_alias_set=
ac_cv_env_target_alias_value=
ac_cv_func_popen=yes
ac_cv_header_stdc=yes
ac_cv_host=x86_64-unknown-linux-gnu
ac_cv_lib_crypt_crypt=yes
ac_cv_lib_dl_dlopen=yes
ac_cv_lib_dld_shl_load=no
ac_cv_lib_ieee_main=no
ac_cv_lib_swill_swill_init=no
ac_cv_objext=o
ac_cv_path_EGREP='/bin/grep -E'
ac_cv_path_GREP=/bin/grep
ac_cv_path_PCRE_CONFIG=/usr/bin/pcre-config
ac_cv_path_SED=/bin/sed
ac_cv_path_install='/usr/bin/install -c'
ac_cv_path_mkdir=/bin/mkdir
ac_cv_prog_AWK=mawk
ac_cv_prog_CPP='gcc -E'
ac_cv_prog_JAVA=java
ac_cv_prog_PERL=perl
ac_cv_prog_PKGCONFIG=pkg-config
ac_cv_prog_PY3CONFIG=python3-config
ac_cv_prog_PYTHON3=python3
ac_cv_prog_ac_ct_CC=gcc
ac_cv_prog_ac_ct_CXX=g++
ac_cv_prog_cc_c89=
ac_cv_prog_cc_g=yes
ac_cv_prog_cxx_g=yes
ac_cv_prog_make_make_set=yes
ac_cv_search_gethostbyname='none required'
ac_cv_search_socket='none required'
ac_cv_search_t_open=no
am_cv_CC_dependencies_compiler_type=gcc3
am_cv_CXX_dependencies_compiler_type=gcc3
am_cv_make_support_nested_variables=yes
am_cv_prog_cc_c_o=yes

## ----------------- ##
## Output variables. ##
## ----------------- ##

ACLOCAL='${SHELL} /home/shawn/Documents/swig-3.0.8/Tools/config/missing aclocal-1.14'
ADB=''
ALLEGROCLBIN=''
AMDEPBACKSLASH='\'
AMDEP_FALSE='#'
AMDEP_TRUE=''
AMTAR='$${TAR-tar}'
AM_BACKSLASH='\'
AM_DEFAULT_V='$(AM_DEFAULT_VERBOSITY)'
AM_DEFAULT_VERBOSITY='1'
AM_V='$(V)'
ANDROID=''
ANT=''
AUTOCONF='${SHELL} /home/shawn/Documents/swig-3.0.8/Tools/config/missing autoconf'
AUTOHEADER='${SHELL} /home/shawn/Documents/swig-3.0.8/Tools/config/missing autoheader'
AUTOMAKE='${SHELL} /home/shawn/Documents/swig-3.0.8/Tools/config/missing automake-1.14'
AWK='mawk'
BOOST_CPPFLAGS='-I/include/boost-0'
BOOST_LDFLAGS='-L/lib64'
CAMLP4=''
CC='gcc'
CCDEPMODE='depmode=gcc3'
CCSHARED='-fpic'
CFLAGS='-g -O2 -Wall -W -ansi -pedantic'
CHICKEN=''
CHICKENLIB=''
CHICKENOPTS=''
CHICKENSHAREDLIB=''
CHICKEN_CSC=''
CHICKEN_CSI=''
CLISPBIN=''
CPP='gcc -E'
CPPFLAGS=' '
CSHARPCFLAGS=''
CSHARPCILINTERPRETER=''
CSHARPCILINTERPRETER_FLAGS=''
CSHARPCOMPILER=''
CSHARPCONVERTPATH='Tools/convertpath -u'
CSHARPDYNAMICLINKING=''
CSHARPLIBRARYPREFIX='lib'
CSHARPSO='.so'
CXX='g++'
CXXDEPMODE='depmode=gcc3'
CXXFLAGS='-g -O2 -Wall -W -ansi -pedantic'
CXXSHARED='gcc -shared'
CYGPATH_W='echo'
D1COMPILER=''
D2COMPILER=''
DDEFAULTVERSION=''
DEFS='-DHAVE_CONFIG_H'
DEPDIR='.deps'
DLIBPREFIX='lib'
ECHO_C=''
ECHO_N='-n'
ECHO_T=''
EGREP='/bin/grep -E'
ENABLE_CCACHE='1'
EXEEXT=''
EXTRA_CLEAN=''
GCCGO=''
GCCGOOPT=''
GCJ=''
GCJH=''
GO12='false'
GO13='false'
GO15='false'
GO1='false'
GO=''
GOC=''
GOGCC='false'
GOOPT=''
GOVERSIONOPTION=''
GREP='/bin/grep'
GUILE='yes'
GUILE_CFLAGS=''
GUILE_CONFIG=''
GUILE_LIBS=''
GUILE_SO='.so'
HAVE_CXX11_COMPILER=''
INSTALL_DATA='${INSTALL} -m 644'
INSTALL_PROGRAM='${INSTALL}'
INSTALL_SCRIPT='${INSTALL}'
INSTALL_STRIP_PROGRAM='$(install_sh) -c -s'
JAVA='"java"'
JAVAC=''
JAVACFLAGS=''
JAVACXXSHARED='$(CXXSHARED)'
JAVADYNAMICLINKING=''
JAVAINC=''
JAVALDSHARED='$(LDSHARED)'
JAVALIBRARYPREFIX='lib'
JAVASO='.so'
JSCENABLED=''
JSCOREDYNAMICLINKING=''
JSCOREINC=''
JSCOREVERSION=''
JSINTERPRETERCXX='$(CXX)'
JSINTERPRETERLINKFLAGS='-ldl'
JSV8DYNAMICLINKING=''
JSV8ENABLED=''
JSV8INC=''
LDFLAGS=''
LDSHARED='gcc -shared'
LIBC=''
LIBCRYPT='-lcrypt'
LIBM='-lm'
LIBOBJS=''
LIBS='-ldl  -lpcre'
LINKFORSHARED='-Xlinker -export-dynamic'
LTLIBOBJS=''
LUABIN=''
LUADYNAMICLINKING=''
LUAFLAGS=''
LUALINK=''
LUA_SO='.so'
MAKEINFO='${SHELL} /home/shawn/Documents/swig-3.0.8/Tools/config/missing makeinfo'
MKDIR_P='/bin/mkdir -p'
MZC=''
MZDYNOBJ=''
MZSCHEME=''
MZSCHEME_SO='.so'
NDKBUILD=''
NODEGYP=''
NODEJS=''
OBJEXT='o'
OCAMLC=''
OCAMLDLGEN=''
OCAMLFIND=''
OCAMLMKTOP=''
OCTAVE=''
OCTAVE_CPPFLAGS=''
OCTAVE_CXXFLAGS=''
OCTAVE_LDFLAGS=''
OCTAVE_SO='.oct'
PACKAGE='swig'
PACKAGE_BUGREPORT='http://www.swig.org'
PACKAGE_NAME='swig'
PACKAGE_STRING='swig 3.0.8'
PACKAGE_TARNAME='swig'
PACKAGE_URL=''
PACKAGE_VERSION='3.0.8'
PATH_SEPARATOR=':'
PCRE_CFLAGS=''
PCRE_CONFIG='/usr/bin/pcre-config'
PCRE_LIBS='-lpcre'
PEP8=''
PERL5CCCDLFLAGS='-fPIC'
PERL5CCDLFLAGS='-Wl,-E'
PERL5CCFLAGS='-D_REENTRANT -D_GNU_SOURCE -DDEBIAN -fwrapv -fno-strict-aliasing -pipe -isystem /usr/local/include -D_LARGEFILE_SOURCE -D_FILE_OFFSET_BITS=64'
PERL5DYNAMICLINKING=''
PERL5EXT='/usr/lib/x86_64-linux-gnu/perl/5.26/CORE'
PERL5LDFLAGS=' -fstack-protector-strong -L/usr/local/lib'
PERL5LIB='perl'
PERL='perl'
PHP=''
PHPINC=''
PHP_SO='.so'
PIKE=''
PIKECCDLFLAGS=''
PIKECONFIG=''
PIKEDYNAMICLINKING=''
PIKEINCLUDE=''
PKGCONFIG='pkg-config'
PLATCFLAGS=''
PLATCXXFLAGS=''
PY3CONFIG='python3-config'
PY3INCLUDE='-I/usr/include/python3.6m -I/usr/include/python3.6m'
PY3LIB=''
PY3LINK='-lpython3.6'
PYINCLUDE=''
PYLIB=''
PYLINK=''
PYTHON3='python3'
PYTHON3DYNAMICLINKING=''
PYTHON=''
PYTHONDYNAMICLINKING=''
PYTHON_SO='.so'
RBIN=''
ROOT_DIR='/home/shawn/Documents/swig-3.0.8'
RPATH='-Xlinker -rpath $(exec_prefix)/lib -Xlinker -rpath .'
RUBY=''
RUBYCCDLFLAGS=''
RUBYDYNAMICLINKING=''
RUBYINCLUDE=''
RUBYLIB=''
RUBYLINK=''
RUBYSO='.so'
SCILAB=''
SCILABINCLUDE=''
SCILABOPT=''
SED='/bin/sed'
SET_MAKE=''
SHELL='/bin/bash'
SKIP_ALLEGROCL='1'
SKIP_ANDROID='1'
SKIP_CFFI='1'
SKIP_CHICKEN='1'
SKIP_CLISP='1'
SKIP_CSHARP='1'
SKIP_D='1'
SKIP_GCJ='1'
SKIP_GO='1'
SKIP_GUILE='1'
SKIP_JAVA='1'
SKIP_JAVASCRIPT='1'
SKIP_LUA='1'
SKIP_MODULA3='1'
SKIP_MZSCHEME='1'
SKIP_OCAML='1'
SKIP_OCTAVE='1'
SKIP_PERL5=''
SKIP_PHP='1'
SKIP_PIKE='1'
SKIP_PYTHON3=''
SKIP_PYTHON=''
SKIP_R='1'
SKIP_RUBY='1'
SKIP_SCILAB='1'
SKIP_TCL='1'
SKIP_UFFI='1'
SO='.so'
STRIP=''
SWIGLIBS=''
SWIG_LIB='/usr/local/share/swig/3.0.8'
SWIG_LIB_INSTALL='${datarootdir}/swig/3.0.8'
SWIG_LIB_PREINST='/home/shawn/Documents/swig-3.0.8/Lib'
SWIG_LIB_SET='env SWIG_LIB=$(SWIG_LIB_DIR)'
SWILL=''
TCLCXXSHARED='$(CXXSHARED)'
TCLDYNAMICLINKING=''
TCLINCLUDE=''
TCLLDSHARED='$(LDSHARED)'
TCLLIB=''
TCL_SO='.so'
TRYLINKINGWITHCXX='CXXSHARED= g++ -shared '
VERSION='3.0.8'
YACC='yacc'
YFLAGS=''
ac_aux_dir='Tools/config'
ac_ct_CC='gcc'
ac_ct_CXX='g++'
am__EXEEXT_FALSE=''
am__EXEEXT_TRUE='#'
am__fastdepCC_FALSE='#'
am__fastdepCC_TRUE=''
am__fastdepCXX_FALSE='#'
am__fastdepCXX_TRUE=''
am__include='include'
am__isrc=''
am__leading_dot='.'
am__nodep='_no'
am__quote=''
am__tar='$${TAR-tar} chof - "$$tardir"'
am__untar='$${TAR-tar} xf -'
bindir='${exec_prefix}/bin'
build='x86_64-unknown-linux-gnu'
build_alias=''
build_cpu='x86_64'
build_os='linux-gnu'
build_vendor='unknown'
datadir='${datarootdir}'
datarootdir='${prefix}/share'
docdir='${datarootdir}/doc/${PACKAGE_TARNAME}'
dvidir='${docdir}'
exec_prefix='${prefix}'
host='x86_64-unknown-linux-gnu'
host_alias=''
host_cpu='x86_64'
host_os='linux-gnu'
host_vendor='unknown'
htmldir='${docdir}'
includedir='${prefix}/include'
infodir='${datarootdir}/info'
install_sh='${SHELL} /home/shawn/Documents/swig-3.0.8/Tools/config/install-sh'
libdir='${exec_prefix}/lib'
libexecdir='${exec_prefix}/libexec'
localedir='${datarootdir}/locale'
localstatedir='${prefix}/var'
mandir='${datarootdir}/man'
mkdir_p='$(MKDIR_P)'
oldincludedir='/usr/include'
pdfdir='${docdir}'
prefix='/usr/local'
program_transform_name='s,x,x,'
psdir='${docdir}'
sbindir='${exec_prefix}/sbin'
sharedstatedir='${prefix}/com'
subdirs=' CCache'
sysconfdir='${prefix}/etc'
target_alias=''

## ----------- ##
## confdefs.h. ##
## ----------- ##

/* confdefs.h */
#define PACKAGE_NAME "swig"
#define PACKAGE_TARNAME "swig"
#define PACKAGE_VERSION "3.0.8"
#define PACKAGE_STRING "swig 3.0.8"
#define PACKAGE_BUGREPORT "http://www.swig.org"
#define PACKAGE_URL ""
#define PACKAGE "swig"
#define VERSION "3.0.8"
#define SWIG_CXX "g++"
#define SWIG_PLATFORM "x86_64-unknown-linux-gnu"
#define STDC_HEADERS 1
#define HAVE_POPEN 1
#define HAVE_PCRE 1
#define HAVE_LIBDL 1
#define SWIG_LIB "/usr/local/share/swig/3.0.8"
#define SWIG_LIB_WIN_UNIX ""

configure: exit 0
